15/03/2022 20:59:48 PM:ERROR:Master module has not clicked, Exception occurred'NoneType' object has no attribute 'is_displayed'
16/03/2022 11:48:43 AM:ERROR:Master module has not clicked, Exception occurredMessage: 
Stacktrace:
Backtrace:
	Ordinal0 [0x010B5AD3+2579155]
	Ordinal0 [0x0104A3E1+2139105]
	Ordinal0 [0x00F440B8+1065144]
	Ordinal0 [0x00F706E4+1246948]
	Ordinal0 [0x00F708DB+1247451]
	Ordinal0 [0x00F9C9B2+1427890]
	Ordinal0 [0x00F8AEC4+1355460]
	Ordinal0 [0x00F9ADAA+1420714]
	Ordinal0 [0x00F8AC96+1354902]
	Ordinal0 [0x00F65A06+1202694]
	Ordinal0 [0x00F668E6+1206502]
	GetHandleVerifier [0x012510D2+1633810]
	GetHandleVerifier [0x013105FC+2417468]
	GetHandleVerifier [0x01143E01+531265]
	GetHandleVerifier [0x01142BE6+526630]
	Ordinal0 [0x0105034B+2163531]
	Ordinal0 [0x010550F8+2183416]
	Ordinal0 [0x010551E5+2183653]
	Ordinal0 [0x0105ED7C+2223484]
	BaseThreadInitThunk [0x7789FA29+25]
	RtlGetAppContainerNamedObjectPath [0x77B37A7E+286]
	RtlGetAppContainerNamedObjectPath [0x77B37A4E+238]

16/03/2022 11:48:54 AM:ERROR:Add button has not clicked, Exception occurredMessage: 
Stacktrace:
Backtrace:
	Ordinal0 [0x010B5AD3+2579155]
	Ordinal0 [0x0104A3E1+2139105]
	Ordinal0 [0x00F440B8+1065144]
	Ordinal0 [0x00F706E4+1246948]
	Ordinal0 [0x00F708DB+1247451]
	Ordinal0 [0x00F9C9B2+1427890]
	Ordinal0 [0x00F8AEC4+1355460]
	Ordinal0 [0x00F9ADAA+1420714]
	Ordinal0 [0x00F8AC96+1354902]
	Ordinal0 [0x00F65A06+1202694]
	Ordinal0 [0x00F668E6+1206502]
	GetHandleVerifier [0x012510D2+1633810]
	GetHandleVerifier [0x013105FC+2417468]
	GetHandleVerifier [0x01143E01+531265]
	GetHandleVerifier [0x01142BE6+526630]
	Ordinal0 [0x0105034B+2163531]
	Ordinal0 [0x010550F8+2183416]
	Ordinal0 [0x010551E5+2183653]
	Ordinal0 [0x0105ED7C+2223484]
	BaseThreadInitThunk [0x7789FA29+25]
	RtlGetAppContainerNamedObjectPath [0x77B37A7E+286]
	RtlGetAppContainerNamedObjectPath [0x77B37A4E+238]

16/03/2022 12:10:47 PM:ERROR:Master module has not clicked, Exception occurredMessage: 
Stacktrace:
Backtrace:
	Ordinal0 [0x010B5AD3+2579155]
	Ordinal0 [0x0104A3E1+2139105]
	Ordinal0 [0x00F440B8+1065144]
	Ordinal0 [0x00F706E4+1246948]
	Ordinal0 [0x00F708DB+1247451]
	Ordinal0 [0x00F9C9B2+1427890]
	Ordinal0 [0x00F8AEC4+1355460]
	Ordinal0 [0x00F9ADAA+1420714]
	Ordinal0 [0x00F8AC96+1354902]
	Ordinal0 [0x00F65A06+1202694]
	Ordinal0 [0x00F668E6+1206502]
	GetHandleVerifier [0x012510D2+1633810]
	GetHandleVerifier [0x013105FC+2417468]
	GetHandleVerifier [0x01143E01+531265]
	GetHandleVerifier [0x01142BE6+526630]
	Ordinal0 [0x0105034B+2163531]
	Ordinal0 [0x010550F8+2183416]
	Ordinal0 [0x010551E5+2183653]
	Ordinal0 [0x0105ED7C+2223484]
	BaseThreadInitThunk [0x7789FA29+25]
	RtlGetAppContainerNamedObjectPath [0x77B37A7E+286]
	RtlGetAppContainerNamedObjectPath [0x77B37A4E+238]

16/03/2022 12:10:58 PM:ERROR:Add button has not clicked, Exception occurredMessage: 
Stacktrace:
Backtrace:
	Ordinal0 [0x010B5AD3+2579155]
	Ordinal0 [0x0104A3E1+2139105]
	Ordinal0 [0x00F440B8+1065144]
	Ordinal0 [0x00F706E4+1246948]
	Ordinal0 [0x00F708DB+1247451]
	Ordinal0 [0x00F9C9B2+1427890]
	Ordinal0 [0x00F8AEC4+1355460]
	Ordinal0 [0x00F9ADAA+1420714]
	Ordinal0 [0x00F8AC96+1354902]
	Ordinal0 [0x00F65A06+1202694]
	Ordinal0 [0x00F668E6+1206502]
	GetHandleVerifier [0x012510D2+1633810]
	GetHandleVerifier [0x013105FC+2417468]
	GetHandleVerifier [0x01143E01+531265]
	GetHandleVerifier [0x01142BE6+526630]
	Ordinal0 [0x0105034B+2163531]
	Ordinal0 [0x010550F8+2183416]
	Ordinal0 [0x010551E5+2183653]
	Ordinal0 [0x0105ED7C+2223484]
	BaseThreadInitThunk [0x7789FA29+25]
	RtlGetAppContainerNamedObjectPath [0x77B37A7E+286]
	RtlGetAppContainerNamedObjectPath [0x77B37A4E+238]

16/03/2022 13:20:25 PM:ERROR:Master module has not clicked, Exception occurredAlert Text: {Alert text : 
Message: unexpected alert open: {Alert text : }
  (Session info: chrome=99.0.4844.51)
Stacktrace:
Backtrace:
	Ordinal0 [0x010B5AD3+2579155]
	Ordinal0 [0x0104A3E1+2139105]
	Ordinal0 [0x00F440B8+1065144]
	Ordinal0 [0x00F9ABEB+1420267]
	Ordinal0 [0x00F8AC96+1354902]
	Ordinal0 [0x00F65A06+1202694]
	Ordinal0 [0x00F668E6+1206502]
	GetHandleVerifier [0x012510D2+1633810]
	GetHandleVerifier [0x013105FC+2417468]
	GetHandleVerifier [0x01143E01+531265]
	GetHandleVerifier [0x01142BE6+526630]
	Ordinal0 [0x0105034B+2163531]
	Ordinal0 [0x010550F8+2183416]
	Ordinal0 [0x010551E5+2183653]
	Ordinal0 [0x0105ED7C+2223484]
	BaseThreadInitThunk [0x7789FA29+25]
	RtlGetAppContainerNamedObjectPath [0x77B37A7E+286]
	RtlGetAppContainerNamedObjectPath [0x77B37A4E+238]

16/03/2022 13:20:33 PM:ERROR:Add button has not clicked, Exception occurred'NoneType' object has no attribute 'is_displayed'
16/03/2022 13:41:26 PM:ERROR:Master module has not clicked, Exception occurredMessage: 
Stacktrace:
Backtrace:
	Ordinal0 [0x010B5AD3+2579155]
	Ordinal0 [0x0104A3E1+2139105]
	Ordinal0 [0x00F440B8+1065144]
	Ordinal0 [0x00F706E4+1246948]
	Ordinal0 [0x00F708DB+1247451]
	Ordinal0 [0x00F9C9B2+1427890]
	Ordinal0 [0x00F8AEC4+1355460]
	Ordinal0 [0x00F9ADAA+1420714]
	Ordinal0 [0x00F8AC96+1354902]
	Ordinal0 [0x00F65A06+1202694]
	Ordinal0 [0x00F668E6+1206502]
	GetHandleVerifier [0x012510D2+1633810]
	GetHandleVerifier [0x013105FC+2417468]
	GetHandleVerifier [0x01143E01+531265]
	GetHandleVerifier [0x01142BE6+526630]
	Ordinal0 [0x0105034B+2163531]
	Ordinal0 [0x010550F8+2183416]
	Ordinal0 [0x010551E5+2183653]
	Ordinal0 [0x0105ED7C+2223484]
	BaseThreadInitThunk [0x7789FA29+25]
	RtlGetAppContainerNamedObjectPath [0x77B37A7E+286]
	RtlGetAppContainerNamedObjectPath [0x77B37A4E+238]

16/03/2022 13:41:36 PM:ERROR:Add button has not clicked, Exception occurredMessage: 
Stacktrace:
Backtrace:
	Ordinal0 [0x010B5AD3+2579155]
	Ordinal0 [0x0104A3E1+2139105]
	Ordinal0 [0x00F440B8+1065144]
	Ordinal0 [0x00F706E4+1246948]
	Ordinal0 [0x00F708DB+1247451]
	Ordinal0 [0x00F9C9B2+1427890]
	Ordinal0 [0x00F8AEC4+1355460]
	Ordinal0 [0x00F9ADAA+1420714]
	Ordinal0 [0x00F8AC96+1354902]
	Ordinal0 [0x00F65A06+1202694]
	Ordinal0 [0x00F668E6+1206502]
	GetHandleVerifier [0x012510D2+1633810]
	GetHandleVerifier [0x013105FC+2417468]
	GetHandleVerifier [0x01143E01+531265]
	GetHandleVerifier [0x01142BE6+526630]
	Ordinal0 [0x0105034B+2163531]
	Ordinal0 [0x010550F8+2183416]
	Ordinal0 [0x010551E5+2183653]
	Ordinal0 [0x0105ED7C+2223484]
	BaseThreadInitThunk [0x7789FA29+25]
	RtlGetAppContainerNamedObjectPath [0x77B37A7E+286]
	RtlGetAppContainerNamedObjectPath [0x77B37A4E+238]

16/03/2022 13:43:56 PM:ERROR:Master module has not clicked, Exception occurredMessage: chrome not reachable
  (Session info: chrome=99.0.4844.51)
Stacktrace:
Backtrace:
	Ordinal0 [0x010B5AD3+2579155]
	Ordinal0 [0x0104A3E1+2139105]
	Ordinal0 [0x00F43F80+1064832]
	Ordinal0 [0x00F38422+1016866]
	Ordinal0 [0x00F38C58+1018968]
	Ordinal0 [0x00F3A4B2+1025202]
	Ordinal0 [0x00F33E89+999049]
	Ordinal0 [0x00F453F0+1070064]
	Ordinal0 [0x00F9A572+1418610]
	Ordinal0 [0x00F8AC96+1354902]
	Ordinal0 [0x00F65A06+1202694]
	Ordinal0 [0x00F668E6+1206502]
	GetHandleVerifier [0x012510D2+1633810]
	GetHandleVerifier [0x013105FC+2417468]
	GetHandleVerifier [0x01143E01+531265]
	GetHandleVerifier [0x01142BE6+526630]
	Ordinal0 [0x0105034B+2163531]
	Ordinal0 [0x010550F8+2183416]
	Ordinal0 [0x010551E5+2183653]
	Ordinal0 [0x0105ED7C+2223484]
	BaseThreadInitThunk [0x7789FA29+25]
	RtlGetAppContainerNamedObjectPath [0x77B37A7E+286]
	RtlGetAppContainerNamedObjectPath [0x77B37A4E+238]

16/03/2022 14:37:29 PM:ERROR:Master module has not clicked, Exception occurredMessage: 
Stacktrace:
Backtrace:
	Ordinal0 [0x010B5AD3+2579155]
	Ordinal0 [0x0104A3E1+2139105]
	Ordinal0 [0x00F440B8+1065144]
	Ordinal0 [0x00F706E4+1246948]
	Ordinal0 [0x00F708DB+1247451]
	Ordinal0 [0x00F9C9B2+1427890]
	Ordinal0 [0x00F8AEC4+1355460]
	Ordinal0 [0x00F9ADAA+1420714]
	Ordinal0 [0x00F8AC96+1354902]
	Ordinal0 [0x00F65A06+1202694]
	Ordinal0 [0x00F668E6+1206502]
	GetHandleVerifier [0x012510D2+1633810]
	GetHandleVerifier [0x013105FC+2417468]
	GetHandleVerifier [0x01143E01+531265]
	GetHandleVerifier [0x01142BE6+526630]
	Ordinal0 [0x0105034B+2163531]
	Ordinal0 [0x010550F8+2183416]
	Ordinal0 [0x010551E5+2183653]
	Ordinal0 [0x0105ED7C+2223484]
	BaseThreadInitThunk [0x7789FA29+25]
	RtlGetAppContainerNamedObjectPath [0x77B37A7E+286]
	RtlGetAppContainerNamedObjectPath [0x77B37A4E+238]

16/03/2022 14:37:39 PM:ERROR:Add button has not clicked, Exception occurredMessage: 
Stacktrace:
Backtrace:
	Ordinal0 [0x010B5AD3+2579155]
	Ordinal0 [0x0104A3E1+2139105]
	Ordinal0 [0x00F440B8+1065144]
	Ordinal0 [0x00F706E4+1246948]
	Ordinal0 [0x00F708DB+1247451]
	Ordinal0 [0x00F9C9B2+1427890]
	Ordinal0 [0x00F8AEC4+1355460]
	Ordinal0 [0x00F9ADAA+1420714]
	Ordinal0 [0x00F8AC96+1354902]
	Ordinal0 [0x00F65A06+1202694]
	Ordinal0 [0x00F668E6+1206502]
	GetHandleVerifier [0x012510D2+1633810]
	GetHandleVerifier [0x013105FC+2417468]
	GetHandleVerifier [0x01143E01+531265]
	GetHandleVerifier [0x01142BE6+526630]
	Ordinal0 [0x0105034B+2163531]
	Ordinal0 [0x010550F8+2183416]
	Ordinal0 [0x010551E5+2183653]
	Ordinal0 [0x0105ED7C+2223484]
	BaseThreadInitThunk [0x7789FA29+25]
	RtlGetAppContainerNamedObjectPath [0x77B37A7E+286]
	RtlGetAppContainerNamedObjectPath [0x77B37A4E+238]

16/03/2022 14:47:29 PM:ERROR:Master module has not clicked, Exception occurredMessage: chrome not reachable
  (Session info: chrome=99.0.4844.51)
Stacktrace:
Backtrace:
	Ordinal0 [0x010B5AD3+2579155]
	Ordinal0 [0x0104A3E1+2139105]
	Ordinal0 [0x00F43F80+1064832]
	Ordinal0 [0x00F38422+1016866]
	Ordinal0 [0x00F38C58+1018968]
	Ordinal0 [0x00F3A4B2+1025202]
	Ordinal0 [0x00F33E89+999049]
	Ordinal0 [0x00F453F0+1070064]
	Ordinal0 [0x00F9A572+1418610]
	Ordinal0 [0x00F8AC96+1354902]
	Ordinal0 [0x00F65A06+1202694]
	Ordinal0 [0x00F668E6+1206502]
	GetHandleVerifier [0x012510D2+1633810]
	GetHandleVerifier [0x013105FC+2417468]
	GetHandleVerifier [0x01143E01+531265]
	GetHandleVerifier [0x01142BE6+526630]
	Ordinal0 [0x0105034B+2163531]
	Ordinal0 [0x010550F8+2183416]
	Ordinal0 [0x010551E5+2183653]
	Ordinal0 [0x0105ED7C+2223484]
	BaseThreadInitThunk [0x7789FA29+25]
	RtlGetAppContainerNamedObjectPath [0x77B37A7E+286]
	RtlGetAppContainerNamedObjectPath [0x77B37A4E+238]

16/03/2022 14:47:41 PM:ERROR:Add button has not clicked, Exception occurredMessage: chrome not reachable
  (Session info: chrome=99.0.4844.51)
Stacktrace:
Backtrace:
	Ordinal0 [0x010B5AD3+2579155]
	Ordinal0 [0x0104A3E1+2139105]
	Ordinal0 [0x00F43F80+1064832]
	Ordinal0 [0x00F38422+1016866]
	Ordinal0 [0x00F38C58+1018968]
	Ordinal0 [0x00F3A4B2+1025202]
	Ordinal0 [0x00F33E89+999049]
	Ordinal0 [0x00F453F0+1070064]
	Ordinal0 [0x00F9A572+1418610]
	Ordinal0 [0x00F8AC96+1354902]
	Ordinal0 [0x00F65A06+1202694]
	Ordinal0 [0x00F668E6+1206502]
	GetHandleVerifier [0x012510D2+1633810]
	GetHandleVerifier [0x013105FC+2417468]
	GetHandleVerifier [0x01143E01+531265]
	GetHandleVerifier [0x01142BE6+526630]
	Ordinal0 [0x0105034B+2163531]
	Ordinal0 [0x010550F8+2183416]
	Ordinal0 [0x010551E5+2183653]
	Ordinal0 [0x0105ED7C+2223484]
	BaseThreadInitThunk [0x7789FA29+25]
	RtlGetAppContainerNamedObjectPath [0x77B37A7E+286]
	RtlGetAppContainerNamedObjectPath [0x77B37A4E+238]

16/03/2022 16:40:22 PM:ERROR:Master module has not clicked, Exception occurredMessage: 
Stacktrace:
Backtrace:
	Ordinal0 [0x010B5AD3+2579155]
	Ordinal0 [0x0104A3E1+2139105]
	Ordinal0 [0x00F440B8+1065144]
	Ordinal0 [0x00F706E4+1246948]
	Ordinal0 [0x00F708DB+1247451]
	Ordinal0 [0x00F9C9B2+1427890]
	Ordinal0 [0x00F8AEC4+1355460]
	Ordinal0 [0x00F9ADAA+1420714]
	Ordinal0 [0x00F8AC96+1354902]
	Ordinal0 [0x00F65A06+1202694]
	Ordinal0 [0x00F668E6+1206502]
	GetHandleVerifier [0x012510D2+1633810]
	GetHandleVerifier [0x013105FC+2417468]
	GetHandleVerifier [0x01143E01+531265]
	GetHandleVerifier [0x01142BE6+526630]
	Ordinal0 [0x0105034B+2163531]
	Ordinal0 [0x010550F8+2183416]
	Ordinal0 [0x010551E5+2183653]
	Ordinal0 [0x0105ED7C+2223484]
	BaseThreadInitThunk [0x7789FA29+25]
	RtlGetAppContainerNamedObjectPath [0x77B37A7E+286]
	RtlGetAppContainerNamedObjectPath [0x77B37A4E+238]

16/03/2022 16:40:33 PM:ERROR:Add button has not clicked, Exception occurredMessage: 
Stacktrace:
Backtrace:
	Ordinal0 [0x010B5AD3+2579155]
	Ordinal0 [0x0104A3E1+2139105]
	Ordinal0 [0x00F440B8+1065144]
	Ordinal0 [0x00F706E4+1246948]
	Ordinal0 [0x00F708DB+1247451]
	Ordinal0 [0x00F9C9B2+1427890]
	Ordinal0 [0x00F8AEC4+1355460]
	Ordinal0 [0x00F9ADAA+1420714]
	Ordinal0 [0x00F8AC96+1354902]
	Ordinal0 [0x00F65A06+1202694]
	Ordinal0 [0x00F668E6+1206502]
	GetHandleVerifier [0x012510D2+1633810]
	GetHandleVerifier [0x013105FC+2417468]
	GetHandleVerifier [0x01143E01+531265]
	GetHandleVerifier [0x01142BE6+526630]
	Ordinal0 [0x0105034B+2163531]
	Ordinal0 [0x010550F8+2183416]
	Ordinal0 [0x010551E5+2183653]
	Ordinal0 [0x0105ED7C+2223484]
	BaseThreadInitThunk [0x7789FA29+25]
	RtlGetAppContainerNamedObjectPath [0x77B37A7E+286]
	RtlGetAppContainerNamedObjectPath [0x77B37A4E+238]

16/03/2022 16:43:08 PM:ERROR:Master module has not clicked, Exception occurredMessage: chrome not reachable
  (Session info: chrome=99.0.4844.51)
Stacktrace:
Backtrace:
	Ordinal0 [0x010B5AD3+2579155]
	Ordinal0 [0x0104A3E1+2139105]
	Ordinal0 [0x00F43F80+1064832]
	Ordinal0 [0x00F38422+1016866]
	Ordinal0 [0x00F38C58+1018968]
	Ordinal0 [0x00F3A4B2+1025202]
	Ordinal0 [0x00F33E89+999049]
	Ordinal0 [0x00F453F0+1070064]
	Ordinal0 [0x00F9A572+1418610]
	Ordinal0 [0x00F8AC96+1354902]
	Ordinal0 [0x00F65A06+1202694]
	Ordinal0 [0x00F668E6+1206502]
	GetHandleVerifier [0x012510D2+1633810]
	GetHandleVerifier [0x013105FC+2417468]
	GetHandleVerifier [0x01143E01+531265]
	GetHandleVerifier [0x01142BE6+526630]
	Ordinal0 [0x0105034B+2163531]
	Ordinal0 [0x010550F8+2183416]
	Ordinal0 [0x010551E5+2183653]
	Ordinal0 [0x0105ED7C+2223484]
	BaseThreadInitThunk [0x7789FA29+25]
	RtlGetAppContainerNamedObjectPath [0x77B37A7E+286]
	RtlGetAppContainerNamedObjectPath [0x77B37A4E+238]

16/03/2022 18:25:47 PM:ERROR:Master module has not clicked, Exception occurredAlert Text: {Alert text : 
Message: unexpected alert open: {Alert text : }
  (Session info: chrome=99.0.4844.51)
Stacktrace:
Backtrace:
	Ordinal0 [0x010B5AD3+2579155]
	Ordinal0 [0x0104A3E1+2139105]
	Ordinal0 [0x00F440B8+1065144]
	Ordinal0 [0x00F9ABEB+1420267]
	Ordinal0 [0x00F8AC96+1354902]
	Ordinal0 [0x00F65A06+1202694]
	Ordinal0 [0x00F668E6+1206502]
	GetHandleVerifier [0x012510D2+1633810]
	GetHandleVerifier [0x013105FC+2417468]
	GetHandleVerifier [0x01143E01+531265]
	GetHandleVerifier [0x01142BE6+526630]
	Ordinal0 [0x0105034B+2163531]
	Ordinal0 [0x010550F8+2183416]
	Ordinal0 [0x010551E5+2183653]
	Ordinal0 [0x0105ED7C+2223484]
	BaseThreadInitThunk [0x7789FA29+25]
	RtlGetAppContainerNamedObjectPath [0x77B37A7E+286]
	RtlGetAppContainerNamedObjectPath [0x77B37A4E+238]

16/03/2022 18:25:54 PM:ERROR:Add button has not clicked, Exception occurred'NoneType' object has no attribute 'is_displayed'
16/03/2022 18:26:38 PM:ERROR:Master module has not clicked, Exception occurredMessage: no such window: target window already closed
from unknown error: web view not found
  (Session info: chrome=99.0.4844.51)
Stacktrace:
Backtrace:
	Ordinal0 [0x010B5AD3+2579155]
	Ordinal0 [0x0104A3E1+2139105]
	Ordinal0 [0x00F440B8+1065144]
	Ordinal0 [0x00F2C470+967792]
	Ordinal0 [0x00F8D6E9+1365737]
	Ordinal0 [0x00F9A532+1418546]
	Ordinal0 [0x00F8AC96+1354902]
	Ordinal0 [0x00F65A06+1202694]
	Ordinal0 [0x00F668E6+1206502]
	GetHandleVerifier [0x012510D2+1633810]
	GetHandleVerifier [0x013105FC+2417468]
	GetHandleVerifier [0x01143E01+531265]
	GetHandleVerifier [0x01142BE6+526630]
	Ordinal0 [0x0105034B+2163531]
	Ordinal0 [0x010550F8+2183416]
	Ordinal0 [0x010551E5+2183653]
	Ordinal0 [0x0105ED7C+2223484]
	BaseThreadInitThunk [0x7789FA29+25]
	RtlGetAppContainerNamedObjectPath [0x77B37A7E+286]
	RtlGetAppContainerNamedObjectPath [0x77B37A4E+238]

16/03/2022 18:26:38 PM:ERROR:Add button has not clicked, Exception occurredMessage: no such window: target window already closed
from unknown error: web view not found
  (Session info: chrome=99.0.4844.51)
Stacktrace:
Backtrace:
	Ordinal0 [0x010B5AD3+2579155]
	Ordinal0 [0x0104A3E1+2139105]
	Ordinal0 [0x00F440B8+1065144]
	Ordinal0 [0x00F2C470+967792]
	Ordinal0 [0x00F8D6E9+1365737]
	Ordinal0 [0x00F9A532+1418546]
	Ordinal0 [0x00F8AC96+1354902]
	Ordinal0 [0x00F65A06+1202694]
	Ordinal0 [0x00F668E6+1206502]
	GetHandleVerifier [0x012510D2+1633810]
	GetHandleVerifier [0x013105FC+2417468]
	GetHandleVerifier [0x01143E01+531265]
	GetHandleVerifier [0x01142BE6+526630]
	Ordinal0 [0x0105034B+2163531]
	Ordinal0 [0x010550F8+2183416]
	Ordinal0 [0x010551E5+2183653]
	Ordinal0 [0x0105ED7C+2223484]
	BaseThreadInitThunk [0x7789FA29+25]
	RtlGetAppContainerNamedObjectPath [0x77B37A7E+286]
	RtlGetAppContainerNamedObjectPath [0x77B37A4E+238]

16/03/2022 19:19:05 PM:ERROR:Master module has not clicked, Exception occurredMessage: chrome not reachable
  (Session info: chrome=99.0.4844.51)
Stacktrace:
Backtrace:
	Ordinal0 [0x010B5AD3+2579155]
	Ordinal0 [0x0104A3E1+2139105]
	Ordinal0 [0x00F43F80+1064832]
	Ordinal0 [0x00F38422+1016866]
	Ordinal0 [0x00F38C58+1018968]
	Ordinal0 [0x00F3A4B2+1025202]
	Ordinal0 [0x00F33E89+999049]
	Ordinal0 [0x00F453F0+1070064]
	Ordinal0 [0x00F9A572+1418610]
	Ordinal0 [0x00F8AC96+1354902]
	Ordinal0 [0x00F65A06+1202694]
	Ordinal0 [0x00F668E6+1206502]
	GetHandleVerifier [0x012510D2+1633810]
	GetHandleVerifier [0x013105FC+2417468]
	GetHandleVerifier [0x01143E01+531265]
	GetHandleVerifier [0x01142BE6+526630]
	Ordinal0 [0x0105034B+2163531]
	Ordinal0 [0x010550F8+2183416]
	Ordinal0 [0x010551E5+2183653]
	Ordinal0 [0x0105ED7C+2223484]
	BaseThreadInitThunk [0x7789FA29+25]
	RtlGetAppContainerNamedObjectPath [0x77B37A7E+286]
	RtlGetAppContainerNamedObjectPath [0x77B37A4E+238]

16/03/2022 19:19:17 PM:ERROR:Add button has not clicked, Exception occurredMessage: chrome not reachable
  (Session info: chrome=99.0.4844.51)
Stacktrace:
Backtrace:
	Ordinal0 [0x010B5AD3+2579155]
	Ordinal0 [0x0104A3E1+2139105]
	Ordinal0 [0x00F43F80+1064832]
	Ordinal0 [0x00F38422+1016866]
	Ordinal0 [0x00F38C58+1018968]
	Ordinal0 [0x00F3A4B2+1025202]
	Ordinal0 [0x00F33E89+999049]
	Ordinal0 [0x00F453F0+1070064]
	Ordinal0 [0x00F9A572+1418610]
	Ordinal0 [0x00F8AC96+1354902]
	Ordinal0 [0x00F65A06+1202694]
	Ordinal0 [0x00F668E6+1206502]
	GetHandleVerifier [0x012510D2+1633810]
	GetHandleVerifier [0x013105FC+2417468]
	GetHandleVerifier [0x01143E01+531265]
	GetHandleVerifier [0x01142BE6+526630]
	Ordinal0 [0x0105034B+2163531]
	Ordinal0 [0x010550F8+2183416]
	Ordinal0 [0x010551E5+2183653]
	Ordinal0 [0x0105ED7C+2223484]
	BaseThreadInitThunk [0x7789FA29+25]
	RtlGetAppContainerNamedObjectPath [0x77B37A7E+286]
	RtlGetAppContainerNamedObjectPath [0x77B37A4E+238]

16/03/2022 19:57:08 PM:ERROR:Master module has not clicked, Exception occurredMessage: chrome not reachable
  (Session info: chrome=99.0.4844.51)
Stacktrace:
Backtrace:
	Ordinal0 [0x010B5AD3+2579155]
	Ordinal0 [0x0104A3E1+2139105]
	Ordinal0 [0x00F43F80+1064832]
	Ordinal0 [0x00F38422+1016866]
	Ordinal0 [0x00F38C58+1018968]
	Ordinal0 [0x00F3A4B2+1025202]
	Ordinal0 [0x00F33E89+999049]
	Ordinal0 [0x00F453F0+1070064]
	Ordinal0 [0x00F9A572+1418610]
	Ordinal0 [0x00F8AC96+1354902]
	Ordinal0 [0x00F65A06+1202694]
	Ordinal0 [0x00F668E6+1206502]
	GetHandleVerifier [0x012510D2+1633810]
	GetHandleVerifier [0x013105FC+2417468]
	GetHandleVerifier [0x01143E01+531265]
	GetHandleVerifier [0x01142BE6+526630]
	Ordinal0 [0x0105034B+2163531]
	Ordinal0 [0x010550F8+2183416]
	Ordinal0 [0x010551E5+2183653]
	Ordinal0 [0x0105ED7C+2223484]
	BaseThreadInitThunk [0x7789FA29+25]
	RtlGetAppContainerNamedObjectPath [0x77B37A7E+286]
	RtlGetAppContainerNamedObjectPath [0x77B37A4E+238]

16/03/2022 19:57:20 PM:ERROR:Add button has not clicked, Exception occurredMessage: chrome not reachable
  (Session info: chrome=99.0.4844.51)
Stacktrace:
Backtrace:
	Ordinal0 [0x010B5AD3+2579155]
	Ordinal0 [0x0104A3E1+2139105]
	Ordinal0 [0x00F43F80+1064832]
	Ordinal0 [0x00F38422+1016866]
	Ordinal0 [0x00F38C58+1018968]
	Ordinal0 [0x00F3A4B2+1025202]
	Ordinal0 [0x00F33E89+999049]
	Ordinal0 [0x00F453F0+1070064]
	Ordinal0 [0x00F9A572+1418610]
	Ordinal0 [0x00F8AC96+1354902]
	Ordinal0 [0x00F65A06+1202694]
	Ordinal0 [0x00F668E6+1206502]
	GetHandleVerifier [0x012510D2+1633810]
	GetHandleVerifier [0x013105FC+2417468]
	GetHandleVerifier [0x01143E01+531265]
	GetHandleVerifier [0x01142BE6+526630]
	Ordinal0 [0x0105034B+2163531]
	Ordinal0 [0x010550F8+2183416]
	Ordinal0 [0x010551E5+2183653]
	Ordinal0 [0x0105ED7C+2223484]
	BaseThreadInitThunk [0x7789FA29+25]
	RtlGetAppContainerNamedObjectPath [0x77B37A7E+286]
	RtlGetAppContainerNamedObjectPath [0x77B37A4E+238]

16/03/2022 19:58:02 PM:ERROR:Master module has not clicked, Exception occurred'NoneType' object has no attribute 'is_displayed'
16/03/2022 19:58:02 PM:ERROR:Add button has not clicked, Exception occurredAlert Text: {Alert text : 
Message: unexpected alert open: {Alert text : }
  (Session info: chrome=99.0.4844.51)
Stacktrace:
Backtrace:
	Ordinal0 [0x010B5AD3+2579155]
	Ordinal0 [0x0104A3E1+2139105]
	Ordinal0 [0x00F440B8+1065144]
	Ordinal0 [0x00F9ABEB+1420267]
	Ordinal0 [0x00F8AC96+1354902]
	Ordinal0 [0x00F65A06+1202694]
	Ordinal0 [0x00F668E6+1206502]
	GetHandleVerifier [0x012510D2+1633810]
	GetHandleVerifier [0x013105FC+2417468]
	GetHandleVerifier [0x01143E01+531265]
	GetHandleVerifier [0x01142BE6+526630]
	Ordinal0 [0x0105034B+2163531]
	Ordinal0 [0x010550F8+2183416]
	Ordinal0 [0x010551E5+2183653]
	Ordinal0 [0x0105ED7C+2223484]
	BaseThreadInitThunk [0x7789FA29+25]
	RtlGetAppContainerNamedObjectPath [0x77B37A7E+286]
	RtlGetAppContainerNamedObjectPath [0x77B37A4E+238]

16/03/2022 20:06:22 PM:ERROR:Master module has not clicked, Exception occurredAlert Text: {Alert text : 
Message: unexpected alert open: {Alert text : }
  (Session info: chrome=99.0.4844.51)
Stacktrace:
Backtrace:
	Ordinal0 [0x010B5AD3+2579155]
	Ordinal0 [0x0104A3E1+2139105]
	Ordinal0 [0x00F440B8+1065144]
	Ordinal0 [0x00F9ABEB+1420267]
	Ordinal0 [0x00F8AC96+1354902]
	Ordinal0 [0x00F65A06+1202694]
	Ordinal0 [0x00F668E6+1206502]
	GetHandleVerifier [0x012510D2+1633810]
	GetHandleVerifier [0x013105FC+2417468]
	GetHandleVerifier [0x01143E01+531265]
	GetHandleVerifier [0x01142BE6+526630]
	Ordinal0 [0x0105034B+2163531]
	Ordinal0 [0x010550F8+2183416]
	Ordinal0 [0x010551E5+2183653]
	Ordinal0 [0x0105ED7C+2223484]
	BaseThreadInitThunk [0x7789FA29+25]
	RtlGetAppContainerNamedObjectPath [0x77B37A7E+286]
	RtlGetAppContainerNamedObjectPath [0x77B37A4E+238]

16/03/2022 20:54:49 PM:ERROR:Master module has not clicked, Exception occurredMessage: chrome not reachable
  (Session info: chrome=99.0.4844.51)
Stacktrace:
Backtrace:
	Ordinal0 [0x010B5AD3+2579155]
	Ordinal0 [0x0104A3E1+2139105]
	Ordinal0 [0x00F43F80+1064832]
	Ordinal0 [0x00F38422+1016866]
	Ordinal0 [0x00F38C58+1018968]
	Ordinal0 [0x00F3A4B2+1025202]
	Ordinal0 [0x00F33E89+999049]
	Ordinal0 [0x00F453F0+1070064]
	Ordinal0 [0x00F9A572+1418610]
	Ordinal0 [0x00F8AC96+1354902]
	Ordinal0 [0x00F65A06+1202694]
	Ordinal0 [0x00F668E6+1206502]
	GetHandleVerifier [0x012510D2+1633810]
	GetHandleVerifier [0x013105FC+2417468]
	GetHandleVerifier [0x01143E01+531265]
	GetHandleVerifier [0x01142BE6+526630]
	Ordinal0 [0x0105034B+2163531]
	Ordinal0 [0x010550F8+2183416]
	Ordinal0 [0x010551E5+2183653]
	Ordinal0 [0x0105ED7C+2223484]
	BaseThreadInitThunk [0x7789FA29+25]
	RtlGetAppContainerNamedObjectPath [0x77B37A7E+286]
	RtlGetAppContainerNamedObjectPath [0x77B37A4E+238]

16/03/2022 21:04:29 PM:ERROR:Master module has not clicked, Exception occurredMessage: no such window: target window already closed
from unknown error: web view not found
  (Session info: chrome=99.0.4844.51)
Stacktrace:
Backtrace:
	Ordinal0 [0x010B5AD3+2579155]
	Ordinal0 [0x0104A3E1+2139105]
	Ordinal0 [0x00F440B8+1065144]
	Ordinal0 [0x00F2C470+967792]
	Ordinal0 [0x00F8D6E9+1365737]
	Ordinal0 [0x00F9A532+1418546]
	Ordinal0 [0x00F8AC96+1354902]
	Ordinal0 [0x00F65A06+1202694]
	Ordinal0 [0x00F668E6+1206502]
	GetHandleVerifier [0x012510D2+1633810]
	GetHandleVerifier [0x013105FC+2417468]
	GetHandleVerifier [0x01143E01+531265]
	GetHandleVerifier [0x01142BE6+526630]
	Ordinal0 [0x0105034B+2163531]
	Ordinal0 [0x010550F8+2183416]
	Ordinal0 [0x010551E5+2183653]
	Ordinal0 [0x0105ED7C+2223484]
	BaseThreadInitThunk [0x7789FA29+25]
	RtlGetAppContainerNamedObjectPath [0x77B37A7E+286]
	RtlGetAppContainerNamedObjectPath [0x77B37A4E+238]

16/03/2022 21:04:29 PM:ERROR:Add button has not clicked, Exception occurredMessage: no such window: target window already closed
from unknown error: web view not found
  (Session info: chrome=99.0.4844.51)
Stacktrace:
Backtrace:
	Ordinal0 [0x010B5AD3+2579155]
	Ordinal0 [0x0104A3E1+2139105]
	Ordinal0 [0x00F440B8+1065144]
	Ordinal0 [0x00F2C470+967792]
	Ordinal0 [0x00F8D6E9+1365737]
	Ordinal0 [0x00F9A532+1418546]
	Ordinal0 [0x00F8AC96+1354902]
	Ordinal0 [0x00F65A06+1202694]
	Ordinal0 [0x00F668E6+1206502]
	GetHandleVerifier [0x012510D2+1633810]
	GetHandleVerifier [0x013105FC+2417468]
	GetHandleVerifier [0x01143E01+531265]
	GetHandleVerifier [0x01142BE6+526630]
	Ordinal0 [0x0105034B+2163531]
	Ordinal0 [0x010550F8+2183416]
	Ordinal0 [0x010551E5+2183653]
	Ordinal0 [0x0105ED7C+2223484]
	BaseThreadInitThunk [0x7789FA29+25]
	RtlGetAppContainerNamedObjectPath [0x77B37A7E+286]
	RtlGetAppContainerNamedObjectPath [0x77B37A4E+238]

