03/15/2022 21:00:21 PM:INFO:Master module clicked
03/15/2022 21:00:21 PM:INFO:Module pinned
03/15/2022 21:00:21 PM:INFO:Basemaster module clicked
03/15/2022 21:00:22 PM:INFO:Containertype screen clicked
03/15/2022 21:00:22 PM:INFO:Add button clicked
03/15/2022 21:00:23 PM:INFO:Entered ContainerType
03/15/2022 21:00:23 PM:INFO:Entered ContainerTypeDescription
03/15/2022 21:00:23 PM:INFO:ContainerType Added
03/15/2022 21:01:09 PM:INFO:Master module clicked
03/15/2022 21:01:09 PM:INFO:Module pinned
03/15/2022 21:01:09 PM:INFO:Basemaster module clicked
03/15/2022 21:01:10 PM:INFO:Containertype screen clicked
03/15/2022 21:01:11 PM:INFO:Add button clicked
03/15/2022 21:01:11 PM:INFO:Entered ContainerType
03/15/2022 21:01:11 PM:INFO:Entered ContainerTypeDescription
03/15/2022 21:01:11 PM:INFO:ContainerType Added
03/16/2022 11:43:59 AM:INFO:Master module clicked
03/16/2022 11:43:59 AM:INFO:Module pinned
03/16/2022 11:43:59 AM:INFO:Basemaster module clicked
03/16/2022 11:43:59 AM:INFO:Containertype screen clicked
03/16/2022 11:44:00 AM:INFO:Add button clicked
03/16/2022 11:44:00 AM:INFO:Entered ContainerType
03/16/2022 11:44:01 AM:INFO:Entered ContainerTypeDescription
03/16/2022 11:44:01 AM:INFO:ContainerType Added
03/16/2022 11:46:06 AM:INFO:Master module clicked
03/16/2022 11:46:06 AM:INFO:Module pinned
03/16/2022 11:46:06 AM:INFO:Basemaster module clicked
03/16/2022 11:46:07 AM:INFO:Containertype screen clicked
03/16/2022 11:46:08 AM:INFO:Add button clicked
03/16/2022 11:46:08 AM:INFO:Entered ContainerType
03/16/2022 11:46:08 AM:INFO:Entered ContainerTypeDescription
03/16/2022 11:46:08 AM:INFO:ContainerType Added
03/16/2022 11:59:04 AM:INFO:Master module clicked
03/16/2022 11:59:04 AM:INFO:Module pinned
03/16/2022 11:59:05 AM:INFO:Basemaster module clicked
03/16/2022 11:59:05 AM:INFO:Containertype screen clicked
03/16/2022 11:59:06 AM:INFO:Add button clicked
03/16/2022 11:59:06 AM:INFO:Entered ContainerType
03/16/2022 11:59:06 AM:INFO:Entered ContainerTypeDescription
03/16/2022 11:59:07 AM:INFO:ContainerType Added
03/16/2022 12:05:02 PM:INFO:Master module clicked
03/16/2022 12:05:02 PM:INFO:Module pinned
03/16/2022 12:05:02 PM:INFO:Basemaster module clicked
03/16/2022 12:05:03 PM:INFO:Containertype screen clicked
03/16/2022 12:05:03 PM:INFO:Add button clicked
03/16/2022 12:05:04 PM:INFO:Entered ContainerType
03/16/2022 12:05:04 PM:INFO:Entered ContainerTypeDescription
03/16/2022 12:05:04 PM:INFO:ContainerType Added
03/16/2022 12:12:32 PM:INFO:Master module clicked
03/16/2022 12:12:32 PM:INFO:Module pinned
03/16/2022 12:12:32 PM:INFO:Basemaster module clicked
03/16/2022 12:12:32 PM:INFO:Containertype screen clicked
03/16/2022 12:12:33 PM:INFO:Add button clicked
03/16/2022 12:12:33 PM:INFO:Entered ContainerType
03/16/2022 12:12:34 PM:INFO:Entered ContainerTypeDescription
03/16/2022 12:12:34 PM:INFO:ContainerType Added
03/16/2022 12:25:40 PM:INFO:Master module clicked
03/16/2022 12:25:40 PM:INFO:Module pinned
03/16/2022 12:25:40 PM:INFO:Basemaster module clicked
03/16/2022 12:25:40 PM:INFO:Containertype screen clicked
03/16/2022 12:25:41 PM:INFO:Add button clicked
03/16/2022 12:25:41 PM:INFO:Entered ContainerType
03/16/2022 12:25:42 PM:INFO:Entered ContainerTypeDescription
03/16/2022 12:25:42 PM:INFO:ContainerType Added
03/16/2022 13:10:51 PM:INFO:Master module clicked
03/16/2022 13:10:51 PM:INFO:Module pinned
03/16/2022 13:10:51 PM:INFO:Basemaster module clicked
03/16/2022 13:10:51 PM:INFO:Containertype screen clicked
03/16/2022 13:10:52 PM:INFO:Add button clicked
03/16/2022 13:10:52 PM:INFO:Entered ContainerType
03/16/2022 13:10:53 PM:INFO:Entered ContainerTypeDescription
03/16/2022 13:10:53 PM:INFO:ContainerType Added
03/16/2022 13:12:37 PM:INFO:Master module clicked
03/16/2022 13:12:37 PM:INFO:Module pinned
03/16/2022 13:12:37 PM:INFO:Basemaster module clicked
03/16/2022 13:12:38 PM:INFO:Containertype screen clicked
03/16/2022 13:12:39 PM:INFO:Add button clicked
03/16/2022 13:12:39 PM:INFO:Entered ContainerType
03/16/2022 13:12:40 PM:INFO:Entered ContainerTypeDescription
03/16/2022 13:12:40 PM:INFO:ContainerType Added
03/16/2022 13:21:05 PM:INFO:Master module clicked
03/16/2022 13:21:05 PM:INFO:Module pinned
03/16/2022 13:21:05 PM:INFO:Basemaster module clicked
03/16/2022 13:21:06 PM:INFO:Containertype screen clicked
03/16/2022 13:21:07 PM:INFO:Add button clicked
03/16/2022 13:21:07 PM:INFO:Entered ContainerType
03/16/2022 13:21:07 PM:INFO:Entered ContainerTypeDescription
03/16/2022 13:21:07 PM:INFO:ContainerType Added
03/16/2022 13:24:33 PM:INFO:Master module clicked
03/16/2022 13:24:33 PM:INFO:Module pinned
03/16/2022 13:24:33 PM:INFO:Basemaster module clicked
03/16/2022 13:24:34 PM:INFO:Containertype screen clicked
03/16/2022 13:24:35 PM:INFO:Add button clicked
03/16/2022 13:24:35 PM:INFO:Entered ContainerType
03/16/2022 13:24:35 PM:INFO:Entered ContainerTypeDescription
03/16/2022 13:24:35 PM:INFO:ContainerType Added
03/16/2022 13:27:59 PM:INFO:Master module clicked
03/16/2022 13:27:59 PM:INFO:Module pinned
03/16/2022 13:28:00 PM:INFO:Basemaster module clicked
03/16/2022 13:28:00 PM:INFO:Containertype screen clicked
03/16/2022 13:28:01 PM:INFO:Add button clicked
03/16/2022 13:28:01 PM:INFO:Entered ContainerType
03/16/2022 13:28:01 PM:INFO:Entered ContainerTypeDescription
03/16/2022 13:28:01 PM:INFO:ContainerType Added
03/16/2022 13:29:05 PM:INFO:Master module clicked
03/16/2022 13:29:05 PM:INFO:Module pinned
03/16/2022 13:29:05 PM:INFO:Basemaster module clicked
03/16/2022 13:29:05 PM:INFO:Containertype screen clicked
03/16/2022 13:29:07 PM:INFO:Add button clicked
03/16/2022 13:29:07 PM:INFO:Entered ContainerType
03/16/2022 13:29:07 PM:INFO:Entered ContainerTypeDescription
03/16/2022 13:29:07 PM:INFO:ContainerType Added
03/16/2022 13:31:42 PM:INFO:Master module clicked
03/16/2022 13:31:42 PM:INFO:Module pinned
03/16/2022 13:31:42 PM:INFO:Basemaster module clicked
03/16/2022 13:31:43 PM:INFO:Containertype screen clicked
03/16/2022 13:31:43 PM:INFO:Add button clicked
03/16/2022 13:31:44 PM:INFO:Entered ContainerType
03/16/2022 13:31:44 PM:INFO:Entered ContainerTypeDescription
03/16/2022 13:31:44 PM:INFO:ContainerType Added
03/16/2022 13:32:36 PM:INFO:Master module clicked
03/16/2022 13:32:36 PM:INFO:Module pinned
03/16/2022 13:32:36 PM:INFO:Basemaster module clicked
03/16/2022 13:32:37 PM:INFO:Containertype screen clicked
03/16/2022 13:32:38 PM:INFO:Add button clicked
03/16/2022 13:32:38 PM:INFO:Entered ContainerType
03/16/2022 13:32:38 PM:INFO:Entered ContainerTypeDescription
03/16/2022 13:32:38 PM:INFO:ContainerType Added
03/16/2022 13:35:07 PM:INFO:Master module clicked
03/16/2022 13:35:07 PM:INFO:Module pinned
03/16/2022 13:35:07 PM:INFO:Basemaster module clicked
03/16/2022 13:35:07 PM:INFO:Containertype screen clicked
03/16/2022 13:35:08 PM:INFO:Add button clicked
03/16/2022 13:35:08 PM:INFO:Entered ContainerType
03/16/2022 13:35:09 PM:INFO:Entered ContainerTypeDescription
03/16/2022 13:35:09 PM:INFO:ContainerType Added
03/16/2022 13:36:23 PM:INFO:Master module clicked
03/16/2022 13:36:23 PM:INFO:Module pinned
03/16/2022 13:36:23 PM:INFO:Basemaster module clicked
03/16/2022 13:36:24 PM:INFO:Containertype screen clicked
03/16/2022 13:36:25 PM:INFO:Add button clicked
03/16/2022 13:36:25 PM:INFO:Entered ContainerType
03/16/2022 13:36:26 PM:INFO:Entered ContainerTypeDescription
03/16/2022 13:36:26 PM:INFO:ContainerType Added
03/16/2022 13:39:04 PM:INFO:Master module clicked
03/16/2022 13:39:04 PM:INFO:Module pinned
03/16/2022 13:39:04 PM:INFO:Basemaster module clicked
03/16/2022 13:39:05 PM:INFO:Containertype screen clicked
03/16/2022 13:39:06 PM:INFO:Add button clicked
03/16/2022 13:39:06 PM:INFO:Entered ContainerType
03/16/2022 13:39:06 PM:INFO:Entered ContainerTypeDescription
03/16/2022 13:39:06 PM:INFO:ContainerType Added
03/16/2022 13:42:16 PM:INFO:Master module clicked
03/16/2022 13:42:16 PM:INFO:Module pinned
03/16/2022 13:42:16 PM:INFO:Basemaster module clicked
03/16/2022 13:42:17 PM:INFO:Containertype screen clicked
03/16/2022 13:42:17 PM:INFO:Add button clicked
03/16/2022 13:42:18 PM:INFO:Entered ContainerType
03/16/2022 13:42:18 PM:INFO:Entered ContainerTypeDescription
03/16/2022 13:42:18 PM:INFO:ContainerType Added
03/16/2022 13:44:32 PM:INFO:Master module clicked
03/16/2022 13:44:32 PM:INFO:Module pinned
03/16/2022 13:44:32 PM:INFO:Basemaster module clicked
03/16/2022 13:44:32 PM:INFO:Containertype screen clicked
03/16/2022 13:44:33 PM:INFO:Add button clicked
03/16/2022 13:44:33 PM:INFO:Entered ContainerType
03/16/2022 13:44:34 PM:INFO:Entered ContainerTypeDescription
03/16/2022 13:44:34 PM:INFO:ContainerType Added
03/16/2022 14:36:11 PM:INFO:Master module clicked
03/16/2022 14:36:11 PM:INFO:Module pinned
03/16/2022 14:36:11 PM:INFO:Basemaster module clicked
03/16/2022 14:36:12 PM:INFO:Containertype screen clicked
03/16/2022 14:36:12 PM:INFO:Add button clicked
03/16/2022 14:36:13 PM:INFO:Entered ContainerType
03/16/2022 14:36:13 PM:INFO:Entered ContainerTypeDescription
03/16/2022 14:36:13 PM:INFO:ContainerType Added
03/16/2022 14:38:53 PM:INFO:Master module clicked
03/16/2022 14:38:53 PM:INFO:Module pinned
03/16/2022 14:38:53 PM:INFO:Basemaster module clicked
03/16/2022 14:38:54 PM:INFO:Containertype screen clicked
03/16/2022 14:38:54 PM:INFO:Add button clicked
03/16/2022 14:38:55 PM:INFO:Entered ContainerType
03/16/2022 14:38:55 PM:INFO:Entered ContainerTypeDescription
03/16/2022 14:38:55 PM:INFO:ContainerType Added
03/16/2022 16:01:44 PM:INFO:Master module clicked
03/16/2022 16:01:44 PM:INFO:Module pinned
03/16/2022 16:01:44 PM:INFO:Basemaster module clicked
03/16/2022 16:01:45 PM:INFO:Containertype screen clicked
03/16/2022 16:01:46 PM:INFO:Add button clicked
03/16/2022 16:01:46 PM:INFO:Entered ContainerType
03/16/2022 16:01:46 PM:INFO:Entered ContainerTypeDescription
03/16/2022 16:01:47 PM:INFO:ContainerType Added
03/16/2022 16:04:15 PM:INFO:Master module clicked
03/16/2022 16:04:15 PM:INFO:Module pinned
03/16/2022 16:04:15 PM:INFO:Basemaster module clicked
03/16/2022 16:04:16 PM:INFO:Containertype screen clicked
03/16/2022 16:04:16 PM:INFO:Add button clicked
03/16/2022 16:04:16 PM:INFO:Entered ContainerType
03/16/2022 16:04:17 PM:INFO:Entered ContainerTypeDescription
03/16/2022 16:04:17 PM:INFO:ContainerType Added
03/16/2022 16:16:52 PM:INFO:Master module clicked
03/16/2022 16:16:52 PM:INFO:Module pinned
03/16/2022 16:16:52 PM:INFO:Basemaster module clicked
03/16/2022 16:16:53 PM:INFO:Containertype screen clicked
03/16/2022 16:16:54 PM:INFO:Add button clicked
03/16/2022 16:16:54 PM:INFO:Entered ContainerType
03/16/2022 16:16:54 PM:INFO:Entered ContainerTypeDescription
03/16/2022 16:16:54 PM:INFO:ContainerType Added
03/16/2022 16:20:04 PM:INFO:Master module clicked
03/16/2022 16:20:04 PM:INFO:Module pinned
03/16/2022 16:20:04 PM:INFO:Basemaster module clicked
03/16/2022 16:20:05 PM:INFO:Containertype screen clicked
03/16/2022 16:20:06 PM:INFO:Add button clicked
03/16/2022 16:20:06 PM:INFO:Entered ContainerType
03/16/2022 16:20:07 PM:INFO:Entered ContainerTypeDescription
03/16/2022 16:20:07 PM:INFO:ContainerType Added
03/16/2022 16:22:28 PM:INFO:Master module clicked
03/16/2022 16:22:28 PM:INFO:Module pinned
03/16/2022 16:22:28 PM:INFO:Basemaster module clicked
03/16/2022 16:22:29 PM:INFO:Containertype screen clicked
03/16/2022 16:22:29 PM:INFO:Add button clicked
03/16/2022 16:22:30 PM:INFO:Entered ContainerType
03/16/2022 16:22:30 PM:INFO:Entered ContainerTypeDescription
03/16/2022 16:22:30 PM:INFO:ContainerType Added
03/16/2022 16:25:46 PM:INFO:Master module clicked
03/16/2022 16:25:46 PM:INFO:Module pinned
03/16/2022 16:25:46 PM:INFO:Basemaster module clicked
03/16/2022 16:25:46 PM:INFO:Containertype screen clicked
03/16/2022 16:25:47 PM:INFO:Add button clicked
03/16/2022 16:25:47 PM:INFO:Entered ContainerType
03/16/2022 16:25:48 PM:INFO:Entered ContainerTypeDescription
03/16/2022 16:25:48 PM:INFO:ContainerType Added
03/16/2022 16:36:50 PM:INFO:Master module clicked
03/16/2022 16:36:50 PM:INFO:Module pinned
03/16/2022 16:36:50 PM:INFO:Basemaster module clicked
03/16/2022 16:36:51 PM:INFO:Containertype screen clicked
03/16/2022 16:36:52 PM:INFO:Add button clicked
03/16/2022 16:36:52 PM:INFO:Entered ContainerType
03/16/2022 16:36:53 PM:INFO:Entered ContainerTypeDescription
03/16/2022 16:36:53 PM:INFO:ContainerType Added
03/16/2022 16:41:26 PM:INFO:Master module clicked
03/16/2022 16:41:26 PM:INFO:Module pinned
03/16/2022 16:41:26 PM:INFO:Basemaster module clicked
03/16/2022 16:41:27 PM:INFO:Containertype screen clicked
03/16/2022 16:41:27 PM:INFO:Add button clicked
03/16/2022 16:41:28 PM:INFO:Entered ContainerType
03/16/2022 16:41:28 PM:INFO:Entered ContainerTypeDescription
03/16/2022 16:41:28 PM:INFO:ContainerType Added
03/16/2022 16:43:43 PM:INFO:Master module clicked
03/16/2022 16:43:43 PM:INFO:Module pinned
03/16/2022 16:43:44 PM:INFO:Basemaster module clicked
03/16/2022 16:43:44 PM:INFO:Containertype screen clicked
03/16/2022 16:43:45 PM:INFO:Add button clicked
03/16/2022 16:43:45 PM:INFO:Entered ContainerType
03/16/2022 16:43:45 PM:INFO:Entered ContainerTypeDescription
03/16/2022 16:43:45 PM:INFO:ContainerType Added
03/16/2022 17:37:51 PM:INFO:Master module clicked
03/16/2022 17:37:51 PM:INFO:Module pinned
03/16/2022 17:37:51 PM:INFO:Basemaster module clicked
03/16/2022 17:37:52 PM:INFO:Containertype screen clicked
03/16/2022 17:37:52 PM:INFO:Add button clicked
03/16/2022 17:37:53 PM:INFO:Entered ContainerType
03/16/2022 17:37:53 PM:INFO:Entered ContainerTypeDescription
03/16/2022 17:37:53 PM:INFO:ContainerType Added
03/16/2022 18:18:54 PM:INFO:Master module clicked
03/16/2022 18:18:54 PM:INFO:Module pinned
03/16/2022 18:18:54 PM:INFO:Basemaster module clicked
03/16/2022 18:18:54 PM:INFO:Containertype screen clicked
03/16/2022 18:18:56 PM:INFO:Add button clicked
03/16/2022 18:18:56 PM:INFO:Entered ContainerType
03/16/2022 18:18:56 PM:INFO:Entered ContainerTypeDescription
03/16/2022 18:18:56 PM:INFO:ContainerType Added
03/16/2022 18:22:48 PM:INFO:Master module clicked
03/16/2022 18:22:48 PM:INFO:Module pinned
03/16/2022 18:22:48 PM:INFO:Basemaster module clicked
03/16/2022 18:22:49 PM:INFO:Containertype screen clicked
03/16/2022 18:22:49 PM:INFO:Add button clicked
03/16/2022 18:22:50 PM:INFO:Entered ContainerType
03/16/2022 18:22:50 PM:INFO:Entered ContainerTypeDescription
03/16/2022 18:22:50 PM:INFO:ContainerType Added
03/16/2022 18:28:44 PM:INFO:Master module clicked
03/16/2022 18:28:44 PM:INFO:Module pinned
03/16/2022 18:28:44 PM:INFO:Basemaster module clicked
03/16/2022 18:28:44 PM:INFO:Containertype screen clicked
03/16/2022 18:28:45 PM:INFO:Add button clicked
03/16/2022 18:28:45 PM:INFO:Entered ContainerType
03/16/2022 18:28:46 PM:INFO:Entered ContainerTypeDescription
03/16/2022 18:28:46 PM:INFO:ContainerType Added
03/16/2022 18:30:08 PM:INFO:Master module clicked
03/16/2022 18:30:08 PM:INFO:Module pinned
03/16/2022 18:30:08 PM:INFO:Basemaster module clicked
03/16/2022 18:30:09 PM:INFO:Containertype screen clicked
03/16/2022 18:31:33 PM:INFO:Master module clicked
03/16/2022 18:31:33 PM:INFO:Module pinned
03/16/2022 18:31:33 PM:INFO:Basemaster module clicked
03/16/2022 18:31:34 PM:INFO:Containertype screen clicked
03/16/2022 18:34:24 PM:INFO:Master module clicked
03/16/2022 18:34:24 PM:INFO:Module pinned
03/16/2022 18:34:24 PM:INFO:Basemaster module clicked
03/16/2022 18:34:25 PM:INFO:Containertype screen clicked
03/16/2022 18:42:44 PM:INFO:Master module clicked
03/16/2022 18:42:44 PM:INFO:Module pinned
03/16/2022 18:42:44 PM:INFO:Basemaster module clicked
03/16/2022 18:42:45 PM:INFO:Containertype screen clicked
03/16/2022 18:42:46 PM:INFO:Add button clicked
03/16/2022 18:42:46 PM:INFO:Entered ContainerType
03/16/2022 18:42:46 PM:INFO:Entered ContainerTypeDescription
03/16/2022 18:42:46 PM:INFO:ContainerType Added
03/16/2022 18:44:03 PM:INFO:Master module clicked
03/16/2022 18:44:03 PM:INFO:Module pinned
03/16/2022 18:44:03 PM:INFO:Basemaster module clicked
03/16/2022 18:44:04 PM:INFO:Containertype screen clicked
03/16/2022 18:44:05 PM:INFO:Add button clicked
03/16/2022 18:44:05 PM:INFO:Entered ContainerType
03/16/2022 18:44:05 PM:INFO:Entered ContainerTypeDescription
03/16/2022 18:44:05 PM:INFO:ContainerType Added
03/16/2022 18:54:31 PM:INFO:Master module clicked
03/16/2022 18:54:31 PM:INFO:Module pinned
03/16/2022 18:54:31 PM:INFO:Basemaster module clicked
03/16/2022 18:54:32 PM:INFO:Containertype screen clicked
03/16/2022 18:54:33 PM:INFO:Add button clicked
03/16/2022 18:54:33 PM:INFO:Entered ContainerType
03/16/2022 18:54:34 PM:INFO:Entered ContainerTypeDescription
03/16/2022 18:54:34 PM:INFO:ContainerType Added
03/16/2022 19:12:30 PM:INFO:Master module clicked
03/16/2022 19:12:30 PM:INFO:Module pinned
03/16/2022 19:12:30 PM:INFO:Basemaster module clicked
03/16/2022 19:12:30 PM:INFO:Containertype screen clicked
03/16/2022 19:12:31 PM:INFO:Add button clicked
03/16/2022 19:12:31 PM:INFO:Entered ContainerType
03/16/2022 19:12:32 PM:INFO:Entered ContainerTypeDescription
03/16/2022 19:12:32 PM:INFO:ContainerType Added
03/16/2022 19:19:47 PM:INFO:Master module clicked
03/16/2022 19:19:47 PM:INFO:Module pinned
03/16/2022 19:19:47 PM:INFO:Basemaster module clicked
03/16/2022 19:19:47 PM:INFO:Containertype screen clicked
03/16/2022 19:19:48 PM:INFO:Add button clicked
03/16/2022 19:19:48 PM:INFO:Entered ContainerType
03/16/2022 19:19:49 PM:INFO:Entered ContainerTypeDescription
03/16/2022 19:19:49 PM:INFO:ContainerType Added
03/16/2022 19:58:42 PM:INFO:Master module clicked
03/16/2022 19:58:42 PM:INFO:Module pinned
03/16/2022 19:58:43 PM:INFO:Basemaster module clicked
03/16/2022 19:58:43 PM:INFO:Containertype screen clicked
03/16/2022 19:58:44 PM:INFO:Add button clicked
03/16/2022 19:58:44 PM:INFO:Entered ContainerType
03/16/2022 19:58:44 PM:INFO:Entered ContainerTypeDescription
03/16/2022 19:58:44 PM:INFO:ContainerType Added
03/16/2022 20:01:06 PM:INFO:Master module clicked
03/16/2022 20:01:07 PM:INFO:Module pinned
03/16/2022 20:01:07 PM:INFO:Basemaster module clicked
03/16/2022 20:01:07 PM:INFO:Containertype screen clicked
03/16/2022 20:01:08 PM:INFO:Add button clicked
03/16/2022 20:01:08 PM:INFO:Entered ContainerType
03/16/2022 20:01:08 PM:INFO:Entered ContainerTypeDescription
03/16/2022 20:01:09 PM:INFO:ContainerType Added
03/16/2022 20:07:19 PM:INFO:Master module clicked
03/16/2022 20:07:19 PM:INFO:Module pinned
03/16/2022 20:07:19 PM:INFO:Basemaster module clicked
03/16/2022 20:07:20 PM:INFO:Containertype screen clicked
03/16/2022 20:09:22 PM:INFO:Master module clicked
03/16/2022 20:09:22 PM:INFO:Module pinned
03/16/2022 20:09:22 PM:INFO:Basemaster module clicked
03/16/2022 20:09:23 PM:INFO:Containertype screen clicked
03/16/2022 20:12:27 PM:INFO:Master module clicked
03/16/2022 20:12:27 PM:INFO:Module pinned
03/16/2022 20:12:27 PM:INFO:Basemaster module clicked
03/16/2022 20:12:27 PM:INFO:Containertype screen clicked
03/16/2022 20:14:57 PM:INFO:Master module clicked
03/16/2022 20:14:57 PM:INFO:Module pinned
03/16/2022 20:14:57 PM:INFO:Basemaster module clicked
03/16/2022 20:14:57 PM:INFO:Containertype screen clicked
03/16/2022 20:44:37 PM:INFO:Master module clicked
03/16/2022 20:44:38 PM:INFO:Module pinned
03/16/2022 20:44:38 PM:INFO:Basemaster module clicked
03/16/2022 20:44:38 PM:INFO:Containertype screen clicked
03/16/2022 20:55:23 PM:INFO:Master module clicked
03/16/2022 20:55:24 PM:INFO:Module pinned
03/16/2022 20:55:24 PM:INFO:Basemaster module clicked
03/16/2022 20:55:24 PM:INFO:Containertype screen clicked
03/16/2022 20:57:45 PM:INFO:Master module clicked
03/16/2022 20:57:45 PM:INFO:Module pinned
03/16/2022 20:57:45 PM:INFO:Basemaster module clicked
03/16/2022 20:57:45 PM:INFO:Containertype screen clicked
03/16/2022 21:00:52 PM:INFO:Master module clicked
03/16/2022 21:00:53 PM:INFO:Module pinned
03/16/2022 21:00:53 PM:INFO:Basemaster module clicked
03/16/2022 21:00:53 PM:INFO:Containertype screen clicked
03/16/2022 21:05:02 PM:INFO:Master module clicked
03/16/2022 21:05:02 PM:INFO:Module pinned
03/16/2022 21:05:02 PM:INFO:Basemaster module clicked
03/16/2022 21:05:03 PM:INFO:Containertype screen clicked
03/16/2022 21:05:04 PM:INFO:Add button clicked
03/16/2022 21:05:04 PM:INFO:Entered ContainerType
03/16/2022 21:05:04 PM:INFO:Entered ContainerTypeDescription
03/16/2022 21:05:04 PM:INFO:ContainerType Added
03/16/2022 21:08:10 PM:INFO:Master module clicked
03/16/2022 21:08:10 PM:INFO:Module pinned
03/16/2022 21:08:10 PM:INFO:Basemaster module clicked
03/16/2022 21:08:11 PM:INFO:Containertype screen clicked
03/16/2022 21:09:39 PM:INFO:Master module clicked
03/16/2022 21:09:39 PM:INFO:Module pinned
03/16/2022 21:09:39 PM:INFO:Basemaster module clicked
03/16/2022 21:09:40 PM:INFO:Containertype screen clicked
